Copyright 1986-2016 Xilinx, Inc. All Rights Reserved.
----------------------------------------------------------------------------------------------------------------------------------------------
| Tool Version     : Vivado v.2016.3 (win64) Build 1682563 Mon Oct 10 19:07:27 MDT 2016
| Date             : Sat Dec 01 21:04:35 2018
| Host             : BE104PC19 running 64-bit major release  (build 9200)
| Command          : report_power -file TopLevel_power_routed.rpt -pb TopLevel_power_summary_routed.pb -rpx TopLevel_power_routed.rpx
| Design           : TopLevel
| Device           : xc7a35tcpg236-1
| Design State     : routed
| Grade            : commercial
| Process          : typical
| Characterization : Production
----------------------------------------------------------------------------------------------------------------------------------------------

Power Report

Table of Contents
-----------------
1. Summary
1.1 On-Chip Components
1.2 Power Supply Summary
1.3 Confidence Level
2. Settings
2.1 Environment
2.2 Clock Constraints
3. Detailed Reports
3.1 By Hierarchy

1. Summary
----------

+--------------------------+-------+
| Total On-Chip Power (W)  | 0.197 |
| Dynamic (W)              | 0.125 |
| Device Static (W)        | 0.072 |
| Effective TJA (C/W)      | 5.0   |
| Max Ambient (C)          | 84.0  |
| Junction Temperature (C) | 26.0  |
| Confidence Level         | Low   |
| Setting File             | ---   |
| Simulation Activity File | ---   |
| Design Nets Matched      | NA    |
+--------------------------+-------+


1.1 On-Chip Components
----------------------

+----------------+-----------+----------+-----------+-----------------+
| On-Chip        | Power (W) | Used     | Available | Utilization (%) |
+----------------+-----------+----------+-----------+-----------------+
| Clocks         |     0.003 |        5 |       --- |             --- |
| Slice Logic    |     0.003 |     7592 |       --- |             --- |
|   LUT as Logic |     0.003 |     4320 |     20800 |           20.77 |
|   Register     |    <0.001 |     1755 |     41600 |            4.22 |
|   CARRY4       |    <0.001 |       56 |      8150 |            0.69 |
|   F7/F8 Muxes  |    <0.001 |       70 |     32600 |            0.21 |
|   Others       |     0.000 |      227 |       --- |             --- |
| Signals        |     0.003 |     5975 |       --- |             --- |
| MMCM           |     0.116 |        1 |         5 |           20.00 |
| I/O            |    <0.001 |       36 |       106 |           33.96 |
| Static Power   |     0.072 |          |           |                 |
| Total          |     0.197 |          |           |                 |
+----------------+-----------+----------+-----------+-----------------+


1.2 Power Supply Summary
------------------------

+-----------+-------------+-----------+-------------+------------+
| Source    | Voltage (V) | Total (A) | Dynamic (A) | Static (A) |
+-----------+-------------+-----------+-------------+------------+
| Vccint    |       1.000 |     0.019 |       0.009 |      0.010 |
| Vccaux    |       1.800 |     0.077 |       0.064 |      0.013 |
| Vcco33    |       3.300 |     0.001 |       0.000 |      0.001 |
| Vcco25    |       2.500 |     0.000 |       0.000 |      0.000 |
| Vcco18    |       1.800 |     0.000 |       0.000 |      0.000 |
| Vcco15    |       1.500 |     0.000 |       0.000 |      0.000 |
| Vcco135   |       1.350 |     0.000 |       0.000 |      0.000 |
| Vcco12    |       1.200 |     0.000 |       0.000 |      0.000 |
| Vccaux_io |       1.800 |     0.000 |       0.000 |      0.000 |
| Vccbram   |       1.000 |     0.000 |       0.000 |      0.000 |
| MGTAVcc   |       1.000 |     0.000 |       0.000 |      0.000 |
| MGTAVtt   |       1.200 |     0.000 |       0.000 |      0.000 |
| Vccadc    |       1.800 |     0.020 |       0.000 |      0.020 |
+-----------+-------------+-----------+-------------+------------+


1.3 Confidence Level
--------------------

+-----------------------------+------------+--------------------------------------------------------+------------------------------------------------------------------------------------------------------------+
| User Input Data             | Confidence | Details                                                | Action                                                                                                     |
+-----------------------------+------------+--------------------------------------------------------+------------------------------------------------------------------------------------------------------------+
| Design implementation state | High       | Design is routed                                       |                                                                                                            |
| Clock nodes activity        | High       | User specified more than 95% of clocks                 |                                                                                                            |
| I/O nodes activity          | Low        | More than 75% of inputs are missing user specification | Provide missing input activity with simulation results or by editing the "By Resource Type -> I/Os" view   |
| Internal nodes activity     | Medium     | User specified less than 25% of internal nodes         | Provide missing internal nodes activity with simulation results or by editing the "By Resource Type" views |
| Device models               | High       | Device models are Production                           |                                                                                                            |
|                             |            |                                                        |                                                                                                            |
| Overall confidence level    | Low        |                                                        |                                                                                                            |
+-----------------------------+------------+--------------------------------------------------------+------------------------------------------------------------------------------------------------------------+


2. Settings
-----------

2.1 Environment
---------------

+-----------------------+--------------------------+
| Ambient Temp (C)      | 25.0                     |
| ThetaJA (C/W)         | 5.0                      |
| Airflow (LFM)         | 250                      |
| Heat Sink             | medium (Medium Profile)  |
| ThetaSA (C/W)         | 4.6                      |
| Board Selection       | medium (10"x10")         |
| # of Board Layers     | 12to15 (12 to 15 Layers) |
| Board Temperature (C) | 25.0                     |
+-----------------------+--------------------------+


2.2 Clock Constraints
---------------------

+--------------------+--------------------------------------------+-----------------+
| Clock              | Domain                                     | Constraint (ns) |
+--------------------+--------------------------------------------+-----------------+
| clk_out1_clk_wiz_0 | not_so_slow/my_clk_inst/clk_out1_clk_wiz_0 |            40.0 |
| clkfbout_clk_wiz_0 | not_so_slow/my_clk_inst/clkfbout_clk_wiz_0 |            10.0 |
| sys_clk_pin        | clkin                                      |            10.0 |
+--------------------+--------------------------------------------+-----------------+


3. Detailed Reports
-------------------

3.1 By Hierarchy
----------------

+-----------------------------+-----------+
| Name                        | Power (W) |
+-----------------------------+-----------+
| TopLevel                    |     0.125 |
|   HorizontalGaps            |     0.003 |
|     HorizGap1               |    <0.001 |
|       EdgeDetector          |    <0.001 |
|       GapStateMachine       |    <0.001 |
|       GapVerticalComponent  |    <0.001 |
|         counter0            |    <0.001 |
|           counter1          |    <0.001 |
|           counter2          |    <0.001 |
|         counter1            |    <0.001 |
|           counter1          |    <0.001 |
|           counter2          |    <0.001 |
|         counter2            |    <0.001 |
|           counter1          |    <0.001 |
|           counter2          |    <0.001 |
|         counter3            |    <0.001 |
|           counter1          |    <0.001 |
|           counter2          |    <0.001 |
|         counter4            |    <0.001 |
|           counter1          |    <0.001 |
|           counter2          |    <0.001 |
|         counter5            |    <0.001 |
|           counter1          |    <0.001 |
|           counter2          |    <0.001 |
|         counter6            |    <0.001 |
|           counter1          |    <0.001 |
|           counter2          |    <0.001 |
|         counter7            |    <0.001 |
|           counter1          |    <0.001 |
|           counter2          |    <0.001 |
|         counter8            |    <0.001 |
|           counter1          |    <0.001 |
|           counter2          |    <0.001 |
|       SecEdge               |    <0.001 |
|       secGenerator          |    <0.001 |
|         counter1            |    <0.001 |
|     HorizGap2               |    <0.001 |
|       EdgeDetector          |    <0.001 |
|       GapStateMachine       |    <0.001 |
|       GapVerticalComponent  |    <0.001 |
|         counter0            |    <0.001 |
|           counter1          |    <0.001 |
|           counter2          |    <0.001 |
|         counter1            |    <0.001 |
|           counter1          |    <0.001 |
|           counter2          |    <0.001 |
|         counter2            |    <0.001 |
|           counter1          |    <0.001 |
|           counter2          |    <0.001 |
|         counter3            |    <0.001 |
|           counter1          |    <0.001 |
|           counter2          |    <0.001 |
|         counter4            |    <0.001 |
|           counter1          |    <0.001 |
|           counter2          |    <0.001 |
|         counter5            |    <0.001 |
|           counter1          |    <0.001 |
|           counter2          |    <0.001 |
|         counter6            |    <0.001 |
|           counter1          |    <0.001 |
|           counter2          |    <0.001 |
|         counter7            |    <0.001 |
|           counter1          |    <0.001 |
|           counter2          |    <0.001 |
|         counter8            |    <0.001 |
|           counter1          |    <0.001 |
|           counter2          |    <0.001 |
|       SecEdge               |    <0.001 |
|       secGenerator          |    <0.001 |
|         counter1            |    <0.001 |
|     HorizGap3               |    <0.001 |
|       EdgeDetector          |    <0.001 |
|       GapStateMachine       |    <0.001 |
|       GapVerticalComponent  |    <0.001 |
|         counter0            |    <0.001 |
|           counter1          |    <0.001 |
|           counter2          |    <0.001 |
|         counter1            |    <0.001 |
|           counter1          |    <0.001 |
|           counter2          |    <0.001 |
|         counter2            |    <0.001 |
|           counter1          |    <0.001 |
|           counter2          |    <0.001 |
|         counter3            |    <0.001 |
|           counter1          |    <0.001 |
|           counter2          |    <0.001 |
|         counter4            |    <0.001 |
|           counter1          |    <0.001 |
|           counter2          |    <0.001 |
|         counter5            |    <0.001 |
|           counter1          |    <0.001 |
|           counter2          |    <0.001 |
|         counter6            |    <0.001 |
|           counter1          |    <0.001 |
|           counter2          |    <0.001 |
|         counter7            |    <0.001 |
|           counter1          |    <0.001 |
|           counter2          |    <0.001 |
|         counter8            |    <0.001 |
|           counter1          |    <0.001 |
|           counter2          |    <0.001 |
|       SecEdge               |    <0.001 |
|       secGenerator          |    <0.001 |
|         counter1            |    <0.001 |
|     HorizGap4               |    <0.001 |
|       EdgeDetector          |    <0.001 |
|       GapStateMachine       |    <0.001 |
|       GapVerticalComponent  |    <0.001 |
|         counter0            |    <0.001 |
|           counter1          |    <0.001 |
|           counter2          |    <0.001 |
|         counter1            |    <0.001 |
|           counter1          |    <0.001 |
|           counter2          |    <0.001 |
|         counter2            |    <0.001 |
|           counter1          |    <0.001 |
|           counter2          |    <0.001 |
|         counter3            |    <0.001 |
|           counter1          |    <0.001 |
|           counter2          |    <0.001 |
|         counter4            |    <0.001 |
|           counter1          |    <0.001 |
|           counter2          |    <0.001 |
|         counter5            |    <0.001 |
|           counter1          |    <0.001 |
|           counter2          |    <0.001 |
|         counter6            |    <0.001 |
|           counter1          |    <0.001 |
|           counter2          |    <0.001 |
|         counter7            |    <0.001 |
|           counter1          |    <0.001 |
|           counter2          |    <0.001 |
|         counter8            |    <0.001 |
|           counter1          |    <0.001 |
|           counter2          |    <0.001 |
|       SecEdge               |    <0.001 |
|       secGenerator          |    <0.001 |
|         counter1            |    <0.001 |
|     HorizGap5               |    <0.001 |
|       EdgeDetector          |    <0.001 |
|       GapStateMachine       |    <0.001 |
|       GapVerticalComponent  |    <0.001 |
|         counter0            |    <0.001 |
|           counter1          |    <0.001 |
|           counter2          |    <0.001 |
|         counter1            |    <0.001 |
|           counter1          |    <0.001 |
|           counter2          |    <0.001 |
|         counter2            |    <0.001 |
|           counter1          |    <0.001 |
|           counter2          |    <0.001 |
|         counter3            |    <0.001 |
|           counter1          |    <0.001 |
|           counter2          |    <0.001 |
|         counter4            |    <0.001 |
|           counter1          |    <0.001 |
|           counter2          |    <0.001 |
|         counter5            |    <0.001 |
|           counter1          |    <0.001 |
|           counter2          |    <0.001 |
|         counter6            |    <0.001 |
|           counter1          |    <0.001 |
|           counter2          |    <0.001 |
|         counter7            |    <0.001 |
|           counter1          |    <0.001 |
|           counter2          |    <0.001 |
|         counter8            |    <0.001 |
|           counter1          |    <0.001 |
|           counter2          |    <0.001 |
|       SecEdge               |    <0.001 |
|       secGenerator          |    <0.001 |
|         counter1            |    <0.001 |
|     HorizGap6               |    <0.001 |
|       EdgeDetector          |    <0.001 |
|       GapStateMachine       |    <0.001 |
|       GapVerticalComponent  |    <0.001 |
|         counter0            |    <0.001 |
|           counter1          |    <0.001 |
|           counter2          |    <0.001 |
|         counter1            |    <0.001 |
|           counter1          |    <0.001 |
|           counter2          |    <0.001 |
|         counter2            |    <0.001 |
|           counter1          |    <0.001 |
|           counter2          |    <0.001 |
|         counter3            |    <0.001 |
|           counter1          |    <0.001 |
|           counter2          |    <0.001 |
|         counter4            |    <0.001 |
|           counter1          |    <0.001 |
|           counter2          |    <0.001 |
|         counter5            |    <0.001 |
|           counter1          |    <0.001 |
|           counter2          |    <0.001 |
|         counter6            |    <0.001 |
|           counter1          |    <0.001 |
|           counter2          |    <0.001 |
|         counter7            |    <0.001 |
|           counter1          |    <0.001 |
|           counter2          |    <0.001 |
|         counter8            |    <0.001 |
|           counter1          |    <0.001 |
|           counter2          |    <0.001 |
|       SecEdge               |    <0.001 |
|       secGenerator          |    <0.001 |
|         counter1            |    <0.001 |
|     HorizGap7               |    <0.001 |
|       EdgeDetector          |    <0.001 |
|       GapStateMachine       |    <0.001 |
|       GapVerticalComponent  |    <0.001 |
|         counter0            |    <0.001 |
|           counter1          |    <0.001 |
|           counter2          |    <0.001 |
|         counter1            |    <0.001 |
|           counter1          |    <0.001 |
|           counter2          |    <0.001 |
|         counter2            |    <0.001 |
|           counter1          |    <0.001 |
|           counter2          |    <0.001 |
|         counter3            |    <0.001 |
|           counter1          |    <0.001 |
|           counter2          |    <0.001 |
|         counter4            |    <0.001 |
|           counter1          |    <0.001 |
|           counter2          |    <0.001 |
|         counter5            |    <0.001 |
|           counter1          |    <0.001 |
|           counter2          |    <0.001 |
|         counter6            |    <0.001 |
|           counter1          |    <0.001 |
|           counter2          |    <0.001 |
|         counter7            |    <0.001 |
|           counter1          |    <0.001 |
|           counter2          |    <0.001 |
|         counter8            |    <0.001 |
|           counter1          |    <0.001 |
|           counter2          |    <0.001 |
|       SecEdge               |    <0.001 |
|       secGenerator          |    <0.001 |
|         counter1            |    <0.001 |
|   RingCounter               |    <0.001 |
|   SecEdge                   |    <0.001 |
|   SlugGenerator             |     0.001 |
|     SlugHorizontalComponent |    <0.001 |
|       counter0              |    <0.001 |
|         counter1            |    <0.001 |
|         counter2            |    <0.001 |
|       counter1              |    <0.001 |
|         counter1            |    <0.001 |
|         counter2            |    <0.001 |
|       counter2              |    <0.001 |
|         counter1            |    <0.001 |
|         counter2            |    <0.001 |
|       counter3              |    <0.001 |
|         counter1            |    <0.001 |
|         counter2            |    <0.001 |
|       counter4              |    <0.001 |
|         counter1            |    <0.001 |
|         counter2            |    <0.001 |
|       counter5              |    <0.001 |
|         counter1            |    <0.001 |
|         counter2            |    <0.001 |
|       counter6              |    <0.001 |
|         counter1            |    <0.001 |
|         counter2            |    <0.001 |
|       counter7              |    <0.001 |
|         counter1            |    <0.001 |
|         counter2            |    <0.001 |
|       counter8              |    <0.001 |
|         counter1            |    <0.001 |
|         counter2            |    <0.001 |
|       counter9              |    <0.001 |
|         counter1            |    <0.001 |
|         counter2            |    <0.001 |
|       counterA              |    <0.001 |
|         counter1            |    <0.001 |
|         counter2            |    <0.001 |
|       counterB              |    <0.001 |
|         counter1            |    <0.001 |
|         counter2            |    <0.001 |
|       counterC              |    <0.001 |
|         counter1            |    <0.001 |
|         counter2            |    <0.001 |
|       counterD              |    <0.001 |
|         counter1            |    <0.001 |
|         counter2            |    <0.001 |
|       counterE              |    <0.001 |
|         counter1            |    <0.001 |
|         counter2            |    <0.001 |
|       counterF              |    <0.001 |
|         counter1            |    <0.001 |
|         counter2            |    <0.001 |
|     SlugVerticalComponent   |    <0.001 |
|       counter0              |    <0.001 |
|         counter1            |    <0.001 |
|         counter2            |    <0.001 |
|       counter1              |    <0.001 |
|         counter1            |    <0.001 |
|         counter2            |    <0.001 |
|       counter2              |    <0.001 |
|         counter1            |    <0.001 |
|         counter2            |    <0.001 |
|       counter3              |    <0.001 |
|         counter1            |    <0.001 |
|         counter2            |    <0.001 |
|       counter4              |    <0.001 |
|         counter1            |    <0.001 |
|         counter2            |    <0.001 |
|       counter5              |    <0.001 |
|         counter1            |    <0.001 |
|         counter2            |    <0.001 |
|       counter6              |    <0.001 |
|         counter1            |    <0.001 |
|         counter2            |    <0.001 |
|       counter7              |    <0.001 |
|         counter1            |    <0.001 |
|         counter2            |    <0.001 |
|       counter8              |    <0.001 |
|         counter1            |    <0.001 |
|         counter2            |    <0.001 |
|       counter9              |    <0.001 |
|         counter1            |    <0.001 |
|         counter2            |    <0.001 |
|       counterA              |    <0.001 |
|         counter1            |    <0.001 |
|         counter2            |    <0.001 |
|       counterB              |    <0.001 |
|         counter1            |    <0.001 |
|         counter2            |    <0.001 |
|       counterC              |    <0.001 |
|         counter1            |    <0.001 |
|         counter2            |    <0.001 |
|       counterD              |    <0.001 |
|         counter1            |    <0.001 |
|         counter2            |    <0.001 |
|       counterE              |    <0.001 |
|         counter1            |    <0.001 |
|         counter2            |    <0.001 |
|       counterF              |    <0.001 |
|         counter1            |    <0.001 |
|         counter2            |    <0.001 |
|   Timer                     |    <0.001 |
|     EdgeDetector            |    <0.001 |
|     minutes                 |    <0.001 |
|     secondTicker            |    <0.001 |
|     seconds                 |    <0.001 |
|     tenMinutes              |    <0.001 |
|     tenSeconds              |    <0.001 |
|   TopStateMachine           |    <0.001 |
|   VGAController             |    <0.001 |
|     EdgeDetector            |    <0.001 |
|     HorizontalCounter       |    <0.001 |
|       counter               |    <0.001 |
|         counter1            |    <0.001 |
|         counter2            |    <0.001 |
|     VerticalCounter         |    <0.001 |
|       counter               |    <0.001 |
|         counter1            |    <0.001 |
|         counter2            |    <0.001 |
|   VerticalGaps              |     0.003 |
|     VertGap1                |    <0.001 |
|       EdgeDetector          |    <0.001 |
|       GapStateMachine       |    <0.001 |
|       GapVerticalComponent  |    <0.001 |
|         counter0            |    <0.001 |
|           counter1          |    <0.001 |
|           counter2          |    <0.001 |
|         counter1            |    <0.001 |
|           counter1          |    <0.001 |
|           counter2          |    <0.001 |
|         counter2            |    <0.001 |
|           counter1          |    <0.001 |
|           counter2          |    <0.001 |
|         counter3            |    <0.001 |
|           counter1          |    <0.001 |
|           counter2          |    <0.001 |
|         counter4            |    <0.001 |
|           counter1          |    <0.001 |
|           counter2          |    <0.001 |
|         counter5            |    <0.001 |
|           counter1          |    <0.001 |
|           counter2          |    <0.001 |
|         counter6            |    <0.001 |
|           counter1          |    <0.001 |
|           counter2          |    <0.001 |
|         counter7            |    <0.001 |
|           counter1          |    <0.001 |
|           counter2          |    <0.001 |
|         counter8            |    <0.001 |
|           counter1          |    <0.001 |
|           counter2          |    <0.001 |
|       SecEdge               |    <0.001 |
|       secGenerator          |    <0.001 |
|         counter1            |    <0.001 |
|     VertGap2                |    <0.001 |
|       EdgeDetector          |    <0.001 |
|       GapStateMachine       |    <0.001 |
|       GapVerticalComponent  |    <0.001 |
|         counter0            |    <0.001 |
|           counter1          |    <0.001 |
|           counter2          |    <0.001 |
|         counter1            |    <0.001 |
|           counter1          |    <0.001 |
|           counter2          |    <0.001 |
|         counter2            |    <0.001 |
|           counter1          |    <0.001 |
|           counter2          |    <0.001 |
|         counter3            |    <0.001 |
|           counter1          |    <0.001 |
|           counter2          |    <0.001 |
|         counter4            |    <0.001 |
|           counter1          |    <0.001 |
|           counter2          |    <0.001 |
|         counter5            |    <0.001 |
|           counter1          |    <0.001 |
|           counter2          |    <0.001 |
|         counter6            |    <0.001 |
|           counter1          |    <0.001 |
|           counter2          |    <0.001 |
|         counter7            |    <0.001 |
|           counter1          |    <0.001 |
|           counter2          |    <0.001 |
|         counter8            |    <0.001 |
|           counter1          |    <0.001 |
|           counter2          |    <0.001 |
|       SecEdge               |    <0.001 |
|       secGenerator          |    <0.001 |
|         counter1            |    <0.001 |
|     VertGap3                |    <0.001 |
|       EdgeDetector          |    <0.001 |
|       GapStateMachine       |    <0.001 |
|       GapVerticalComponent  |    <0.001 |
|         counter0            |    <0.001 |
|           counter1          |    <0.001 |
|           counter2          |    <0.001 |
|         counter1            |    <0.001 |
|           counter1          |    <0.001 |
|           counter2          |    <0.001 |
|         counter2            |    <0.001 |
|           counter1          |    <0.001 |
|           counter2          |    <0.001 |
|         counter3            |    <0.001 |
|           counter1          |    <0.001 |
|           counter2          |    <0.001 |
|         counter4            |    <0.001 |
|           counter1          |    <0.001 |
|           counter2          |    <0.001 |
|         counter5            |    <0.001 |
|           counter1          |    <0.001 |
|           counter2          |    <0.001 |
|         counter6            |    <0.001 |
|           counter1          |    <0.001 |
|           counter2          |    <0.001 |
|         counter7            |    <0.001 |
|           counter1          |    <0.001 |
|           counter2          |    <0.001 |
|         counter8            |    <0.001 |
|           counter1          |    <0.001 |
|           counter2          |    <0.001 |
|       SecEdge               |    <0.001 |
|       secGenerator          |    <0.001 |
|         counter1            |    <0.001 |
|     VertGap4                |    <0.001 |
|       EdgeDetector          |    <0.001 |
|       GapStateMachine       |    <0.001 |
|       GapVerticalComponent  |    <0.001 |
|         counter0            |    <0.001 |
|           counter1          |    <0.001 |
|           counter2          |    <0.001 |
|         counter1            |    <0.001 |
|           counter1          |    <0.001 |
|           counter2          |    <0.001 |
|         counter2            |    <0.001 |
|           counter1          |    <0.001 |
|           counter2          |    <0.001 |
|         counter3            |    <0.001 |
|           counter1          |    <0.001 |
|           counter2          |    <0.001 |
|         counter4            |    <0.001 |
|           counter1          |    <0.001 |
|           counter2          |    <0.001 |
|         counter5            |    <0.001 |
|           counter1          |    <0.001 |
|           counter2          |    <0.001 |
|         counter6            |    <0.001 |
|           counter1          |    <0.001 |
|           counter2          |    <0.001 |
|         counter7            |    <0.001 |
|           counter1          |    <0.001 |
|           counter2          |    <0.001 |
|         counter8            |    <0.001 |
|           counter1          |    <0.001 |
|           counter2          |    <0.001 |
|       SecEdge               |    <0.001 |
|       secGenerator          |    <0.001 |
|         counter1            |    <0.001 |
|     VertGap5                |    <0.001 |
|       EdgeDetector          |    <0.001 |
|       GapStateMachine       |    <0.001 |
|       GapVerticalComponent  |    <0.001 |
|         counter0            |    <0.001 |
|           counter1          |    <0.001 |
|           counter2          |    <0.001 |
|         counter1            |    <0.001 |
|           counter1          |    <0.001 |
|           counter2          |    <0.001 |
|         counter2            |    <0.001 |
|           counter1          |    <0.001 |
|           counter2          |    <0.001 |
|         counter3            |    <0.001 |
|           counter1          |    <0.001 |
|           counter2          |    <0.001 |
|         counter4            |    <0.001 |
|           counter1          |    <0.001 |
|           counter2          |    <0.001 |
|         counter5            |    <0.001 |
|           counter1          |    <0.001 |
|           counter2          |    <0.001 |
|         counter6            |    <0.001 |
|           counter1          |    <0.001 |
|           counter2          |    <0.001 |
|         counter7            |    <0.001 |
|           counter1          |    <0.001 |
|           counter2          |    <0.001 |
|         counter8            |    <0.001 |
|           counter1          |    <0.001 |
|           counter2          |    <0.001 |
|       SecEdge               |    <0.001 |
|       secGenerator          |    <0.001 |
|         counter1            |    <0.001 |
|     VertGap6                |    <0.001 |
|       EdgeDetector          |    <0.001 |
|       GapStateMachine       |    <0.001 |
|       GapVerticalComponent  |    <0.001 |
|         counter0            |    <0.001 |
|           counter1          |    <0.001 |
|           counter2          |    <0.001 |
|         counter1            |    <0.001 |
|           counter1          |    <0.001 |
|           counter2          |    <0.001 |
|         counter2            |    <0.001 |
|           counter1          |    <0.001 |
|           counter2          |    <0.001 |
|         counter3            |    <0.001 |
|           counter1          |    <0.001 |
|           counter2          |    <0.001 |
|         counter4            |    <0.001 |
|           counter1          |    <0.001 |
|           counter2          |    <0.001 |
|         counter5            |    <0.001 |
|           counter1          |    <0.001 |
|           counter2          |    <0.001 |
|         counter6            |    <0.001 |
|           counter1          |    <0.001 |
|           counter2          |    <0.001 |
|         counter7            |    <0.001 |
|           counter1          |    <0.001 |
|           counter2          |    <0.001 |
|         counter8            |    <0.001 |
|           counter1          |    <0.001 |
|           counter2          |    <0.001 |
|       SecEdge               |    <0.001 |
|       secGenerator          |    <0.001 |
|         counter1            |    <0.001 |
|     VertGap7                |    <0.001 |
|       EdgeDetector          |    <0.001 |
|       GapStateMachine       |    <0.001 |
|       GapVerticalComponent  |    <0.001 |
|         counter0            |    <0.001 |
|           counter1          |    <0.001 |
|           counter2          |    <0.001 |
|         counter1            |    <0.001 |
|           counter1          |    <0.001 |
|           counter2          |    <0.001 |
|         counter2            |    <0.001 |
|           counter1          |    <0.001 |
|           counter2          |    <0.001 |
|         counter3            |    <0.001 |
|           counter1          |    <0.001 |
|           counter2          |    <0.001 |
|         counter4            |    <0.001 |
|           counter1          |    <0.001 |
|           counter2          |    <0.001 |
|         counter5            |    <0.001 |
|           counter1          |    <0.001 |
|           counter2          |    <0.001 |
|         counter6            |    <0.001 |
|           counter1          |    <0.001 |
|           counter2          |    <0.001 |
|         counter7            |    <0.001 |
|           counter1          |    <0.001 |
|           counter2          |    <0.001 |
|         counter8            |    <0.001 |
|           counter1          |    <0.001 |
|           counter2          |    <0.001 |
|       SecEdge               |    <0.001 |
|       secGenerator          |    <0.001 |
|         counter1            |    <0.001 |
|   not_so_slow               |     0.116 |
|     my_clk_inst             |     0.116 |
|     slowclk                 |    <0.001 |
|       XLXI_38               |    <0.001 |
|         I_Q0                |    <0.001 |
|         I_Q1                |    <0.001 |
|         I_Q2                |    <0.001 |
|         I_Q3                |    <0.001 |
|       XLXI_39               |    <0.001 |
|         I_Q0                |    <0.001 |
|         I_Q1                |    <0.001 |
|         I_Q2                |    <0.001 |
|         I_Q3                |    <0.001 |
|       XLXI_40               |    <0.001 |
|         I_Q0                |    <0.001 |
|         I_Q1                |    <0.001 |
|         I_Q2                |    <0.001 |
|         I_Q3                |    <0.001 |
|       XLXI_45               |    <0.001 |
|         I_Q0                |    <0.001 |
|         I_Q1                |    <0.001 |
|         I_Q2                |    <0.001 |
|         I_Q3                |    <0.001 |
|   qsecTicker                |    <0.001 |
|   secGenerator              |    <0.001 |
|     counter1                |    <0.001 |
+-----------------------------+-----------+


